WARNING:root:Client lose MAIN/CONTACT server!
INFO:root:CLIENT activate on
ID: 			ea2af89e-80f5-4f16-bc79-43c93d7bff7c
Address: 		172.20.10.2:5720 
Is member: 		False
Main Server: 		None
Contact Server: 	None
Sequence number: 	1
WARNING:root:Client lose MAIN/CONTACT server!
WARNING:root:Client lose MAIN/CONTACT server!
WARNING:root:Client lose MAIN/CONTACT server!
WARNING:root:Client lose MAIN/CONTACT server!
WARNING:root:Client lose MAIN/CONTACT server!
WARNING:root:Client lose MAIN/CONTACT server!
WARNING:root:Client lose MAIN/CONTACT server!
WARNING:root:Client lose MAIN/CONTACT server!
WARNING:root:Client lose MAIN/CONTACT server!
WARNING:root:Client lose MAIN/CONTACT server!
WARNING:root:Client lose MAIN/CONTACT server!
WARNING:root:Client lose MAIN/CONTACT server!
WARNING:root:Client lose MAIN/CONTACT server!
WARNING:root:Client lose MAIN/CONTACT server!
WARNING:root:Client lose MAIN/CONTACT server!
WARNING:root:Client lose MAIN/CONTACT server!
WARNING:root:Client lose MAIN/CONTACT server!
WARNING:root:Client lose MAIN/CONTACT server!
WARNING:root:Client lose MAIN/CONTACT server!
WARNING:root:Client lose MAIN/CONTACT server!
WARNING:root:Client lose MAIN/CONTACT server!
WARNING:root:Client lose MAIN/CONTACT server!
WARNING:root:Client lose MAIN/CONTACT server!
WARNING:root:Client lose MAIN/CONTACT server!
WARNING:root:Client lose MAIN/CONTACT server!
WARNING:root:Client lose MAIN/CONTACT server!
WARNING:root:Client lose MAIN/CONTACT server!
WARNING:root:Client lose MAIN/CONTACT server!
WARNING:root:Client lose MAIN/CONTACT server!
WARNING:root:Client lose MAIN/CONTACT server!
WARNING:root:Client lose MAIN/CONTACT server!
WARNING:root:Client lose MAIN/CONTACT server!
WARNING:root:Client lose MAIN/CONTACT server!
WARNING:root:Client lose MAIN/CONTACT server!
