WARNING:root:Client lose MAIN/CONTACT server!
INFO:root:CLIENT activate on
ID: 			26aac594-bbc0-4794-84b1-dbc73573dc54
Address: 		172.20.10.2:5730 
Is member: 		False
Main Server: 		None
Contact Server: 	None
Sequence number: 	1
WARNING:root:Client lose MAIN/CONTACT server!
WARNING:root:Client lose MAIN/CONTACT server!
WARNING:root:Client lose MAIN/CONTACT server!
WARNING:root:Client lose MAIN/CONTACT server!
WARNING:root:Client lose MAIN/CONTACT server!
WARNING:root:Client lose MAIN/CONTACT server!
WARNING:root:Client lose MAIN/CONTACT server!
WARNING:root:Client lose MAIN/CONTACT server!
WARNING:root:Client lose MAIN/CONTACT server!
WARNING:root:Client lose MAIN/CONTACT server!
WARNING:root:Client lose MAIN/CONTACT server!
WARNING:root:Client lose MAIN/CONTACT server!
WARNING:root:Client lose MAIN/CONTACT server!
WARNING:root:Client lose MAIN/CONTACT server!
WARNING:root:Client lose MAIN/CONTACT server!
WARNING:root:Client lose MAIN/CONTACT server!
WARNING:root:Client lose MAIN/CONTACT server!
WARNING:root:Client lose MAIN/CONTACT server!
WARNING:root:Client lose MAIN/CONTACT server!
WARNING:root:Client lose MAIN/CONTACT server!
WARNING:root:Client lose MAIN/CONTACT server!
WARNING:root:Client lose MAIN/CONTACT server!
WARNING:root:Client lose MAIN/CONTACT server!
WARNING:root:Client lose MAIN/CONTACT server!
WARNING:root:Client lose MAIN/CONTACT server!
WARNING:root:Client lose MAIN/CONTACT server!
WARNING:root:Client lose MAIN/CONTACT server!
WARNING:root:Client lose MAIN/CONTACT server!
WARNING:root:Client lose MAIN/CONTACT server!
WARNING:root:Client lose MAIN/CONTACT server!
WARNING:root:Client lose MAIN/CONTACT server!
WARNING:root:Client lose MAIN/CONTACT server!
